<?xml version="1.0" encoding="UTF-8"?>
<!-- Generated by org.testng.reporters.JUnitReportReporter -->
<testsuite hostname="Jay" failures="0" tests="1" name="loginPageBLMS.CreateSubbankerTest" time="5.085" errors="0" timestamp="2025-04-07T17:18:48 IST" skipped="0">
  <testcase classname="loginPageBLMS.CreateSubbankerTest" name="username" time="5.085"/>
  <system-out/>
</testsuite> <!-- loginPageBLMS.CreateSubbankerTest -->
