<?xml version="1.0" encoding="UTF-8"?>
<!-- Generated by org.testng.reporters.JUnitReportReporter -->
<testsuite hostname="Jay" failures="0" tests="1" name="loginPageBLMS.Username_BLMS" time="4.508" errors="0" timestamp="2025-04-02T17:26:24 IST" skipped="0">
  <testcase classname="loginPageBLMS.Username_BLMS" name="username" time="4.508"/>
  <system-out/>
</testsuite> <!-- loginPageBLMS.Username_BLMS -->
